INFO:     Will watch for changes in these directories: ['C:\\Users\\mohan\\Desktop\\Magadh mahila college\\hostel-erp-backend']
INFO:     Uvicorn running on http://0.0.0.0:8000 (Press CTRL+C to quit)
INFO:     Started reloader process [31308] using WatchFiles
INFO:     Started server process [31192]
INFO:     Waiting for application startup.
INFO:     Application startup complete.
Password verification failed for username: admin
Failed login attempt for username: admin from IP: 127.0.0.1 - invalid credentials
Password verification failed for username: admin
Failed login attempt for username: admin from IP: 127.0.0.1 - invalid credentials
Password verification failed for username: admin
Failed login attempt for username: admin from IP: 127.0.0.1 - invalid credentials
Password verification failed for username: admin
Failed login attempt for username: admin from IP: 127.0.0.1 - invalid credentials
Password verification failed for username: admin
Failed login attempt for username: admin from IP: 127.0.0.1 - invalid credentials
WARNING:  WatchFiles detected changes in 'app\erp_schemas.py'. Reloading...
INFO:     Shutting down
INFO:     Waiting for application shutdown.
INFO:     Application shutdown complete.
INFO:     Finished server process [31192]
WARNING:  WatchFiles detected changes in 'app\routers\erp_admin.py'. Reloading...
INFO:     Started server process [38712]
INFO:     Waiting for application startup.
INFO:     Application startup complete.
ERROR:    Traceback (most recent call last):
  File "C:\Users\mohan\AppData\Local\Programs\Python\Python311\Lib\asyncio\runners.py", line 118, in run
    return self._loop.run_until_complete(task)
           ^^^^^^^^^^^^^^^^^^^^^^^^^^^^^^^^^^^
  File "C:\Users\mohan\AppData\Local\Programs\Python\Python311\Lib\asyncio\base_events.py", line 654, in run_until_complete
    return future.result()
           ^^^^^^^^^^^^^^^
asyncio.exceptions.CancelledError

During handling of the above exception, another exception occurred:

Traceback (most recent call last):
  File "C:\Users\mohan\AppData\Local\Programs\Python\Python311\Lib\asyncio\runners.py", line 190, in run
    return runner.run(main)
           ^^^^^^^^^^^^^^^^
  File "C:\Users\mohan\AppData\Local\Programs\Python\Python311\Lib\asyncio\runners.py", line 123, in run
    raise KeyboardInterrupt()
KeyboardInterrupt

During handling of the above exception, another exception occurred:

Traceback (most recent call last):
  File "C:\Users\mohan\AppData\Local\Programs\Python\Python311\Lib\site-packages\starlette\routing.py", line 701, in lifespan
    await receive()
  File "C:\Users\mohan\AppData\Local\Programs\Python\Python311\Lib\site-packages\uvicorn\lifespan\on.py", line 137, in receive
    return await self.receive_queue.get()
           ^^^^^^^^^^^^^^^^^^^^^^^^^^^^^^
  File "C:\Users\mohan\AppData\Local\Programs\Python\Python311\Lib\asyncio\queues.py", line 158, in get
    await getter
asyncio.exceptions.CancelledError

WARNING:  WatchFiles detected changes in 'app\routers\erp_admin.py'. Reloading...
INFO:     Started server process [26588]
INFO:     Waiting for application startup.
INFO:     Application startup complete.
ERROR:    Traceback (most recent call last):
  File "C:\Users\mohan\AppData\Local\Programs\Python\Python311\Lib\asyncio\runners.py", line 118, in run
    return self._loop.run_until_complete(task)
           ^^^^^^^^^^^^^^^^^^^^^^^^^^^^^^^^^^^
  File "C:\Users\mohan\AppData\Local\Programs\Python\Python311\Lib\asyncio\base_events.py", line 654, in run_until_complete
    return future.result()
           ^^^^^^^^^^^^^^^
asyncio.exceptions.CancelledError

During handling of the above exception, another exception occurred:

Traceback (most recent call last):
  File "C:\Users\mohan\AppData\Local\Programs\Python\Python311\Lib\asyncio\runners.py", line 190, in run
    return runner.run(main)
           ^^^^^^^^^^^^^^^^
  File "C:\Users\mohan\AppData\Local\Programs\Python\Python311\Lib\asyncio\runners.py", line 123, in run
    raise KeyboardInterrupt()
KeyboardInterrupt

During handling of the above exception, another exception occurred:

Traceback (most recent call last):
  File "C:\Users\mohan\AppData\Local\Programs\Python\Python311\Lib\site-packages\starlette\routing.py", line 701, in lifespan
    await receive()
  File "C:\Users\mohan\AppData\Local\Programs\Python\Python311\Lib\site-packages\uvicorn\lifespan\on.py", line 137, in receive
    return await self.receive_queue.get()
           ^^^^^^^^^^^^^^^^^^^^^^^^^^^^^^
  File "C:\Users\mohan\AppData\Local\Programs\Python\Python311\Lib\asyncio\queues.py", line 158, in get
    await getter
asyncio.exceptions.CancelledError

INFO:     Started server process [26204]
INFO:     Waiting for application startup.
INFO:     Application startup complete.
WARNING:  WatchFiles detected changes in 'app\database.py'. Reloading...
INFO:     Shutting down
INFO:     Waiting for application shutdown.
INFO:     Application shutdown complete.
INFO:     Finished server process [26204]
INFO:     Started server process [20976]
INFO:     Waiting for application startup.
INFO:     Application startup complete.
